2024-04-10 11:05:00 — INFO — Running with edr=0.14.1
2024-04-10 11:05:00 — INFO — Installing packages for edr internal dbt package...
2024-04-10 11:05:00 — INFO — Running dbt --log-format json deps --project-dir /opt/hostedtoolcache/Python/3.11.9/x64/lib/python3.11/site-packages/elementary/monitor/dbt_project
2024-04-10 11:05:03 — DEBUG — Result bytes size for command '['dbt', '--log-format', 'json', 'deps', '--project-dir', '/opt/hostedtoolcache/Python/3.11.9/x64/lib/python3.11/site-packages/elementary/monitor/dbt_project']' is 3411
2024-04-10 11:05:03 — INFO — Running with dbt=1.7.11
2024-04-10 11:05:03 — INFO — Updating lock file in file path: /opt/hostedtoolcache/Python/3.11.9/x64/lib/python3.11/site-packages/elementary/monitor/dbt_project/package-lock.yml
2024-04-10 11:05:03 — INFO — Installing dbt-labs/dbt_utils
2024-04-10 11:05:03 — INFO — Installed from version 0.8.6
2024-04-10 11:05:03 — INFO — Updated version available: 1.1.1
2024-04-10 11:05:03 — INFO — Installing elementary-data/elementary
2024-04-10 11:05:03 — INFO — Installed from version 0.14.1
2024-04-10 11:05:03 — INFO — Up to date!
2024-04-10 11:05:03 — INFO — 
2024-04-10 11:05:03 — INFO — Updates available for packages: ['dbt-labs/dbt_utils']                 
Update your versions in packages.yml, then run dbt deps
2024-04-10 11:05:03 — DEBUG — Running dbt --log-format json run-operation elementary.log_macro_results --args {"macro_name": "elementary_cli.get_latest_invocation", "macro_args": {}} --project-dir /opt/hostedtoolcache/Python/3.11.9/x64/lib/python3.11/site-packages/elementary/monitor/dbt_project
2024-04-10 11:05:10 — DEBUG — Result bytes size for command '['dbt', '--log-format', 'json', 'run-operation', 'elementary.log_macro_results', '--args', '{"macro_name": "elementary_cli.get_latest_invocation", "macro_args": {}}', '--project-dir', '/opt/hostedtoolcache/Python/3.11.9/x64/lib/python3.11/site-packages/elementary/monitor/dbt_project']' is 4720
2024-04-10 11:05:10 — DEBUG — Running dbt --log-format json run-operation elementary.log_macro_results --args {"macro_name": "elementary_cli.get_adapter_type_and_unique_id", "macro_args": {}} --project-dir /opt/hostedtoolcache/Python/3.11.9/x64/lib/python3.11/site-packages/elementary/monitor/dbt_project
2024-04-10 11:05:12 — DEBUG — Result bytes size for command '['dbt', '--log-format', 'json', 'run-operation', 'elementary.log_macro_results', '--args', '{"macro_name": "elementary_cli.get_adapter_type_and_unique_id", "macro_args": {}}', '--project-dir', '/opt/hostedtoolcache/Python/3.11.9/x64/lib/python3.11/site-packages/elementary/monitor/dbt_project']' is 1868
2024-04-10 11:05:12 — INFO — edr (0.14.1) and Elementary's dbt package (0.14.1) are compatible.
2024-04-10 11:05:12 — DEBUG — Running dbt --log-format json run-operation elementary.log_macro_results --args {"macro_name": "elementary_cli.get_elementary_database_and_schema", "macro_args": {}} --project-dir /opt/hostedtoolcache/Python/3.11.9/x64/lib/python3.11/site-packages/elementary/monitor/dbt_project
2024-04-10 11:05:15 — DEBUG — Result bytes size for command '['dbt', '--log-format', 'json', 'run-operation', 'elementary.log_macro_results', '--args', '{"macro_name": "elementary_cli.get_elementary_database_and_schema", "macro_args": {}}', '--project-dir', '/opt/hostedtoolcache/Python/3.11.9/x64/lib/python3.11/site-packages/elementary/monitor/dbt_project']' is 1862
2024-04-10 11:05:15 — INFO — Elementary's database and schema: '"postgres.js_elementary"'
2024-04-10 11:05:15 — INFO — Running dbt --log-format json run-operation elementary.log_macro_results --args {"macro_name": "elementary_cli.get_test_results", "macro_args": {"days_back": 7, "invocations_per_test": 720, "disable_passed_test_metrics": false}} --project-dir /opt/hostedtoolcache/Python/3.11.9/x64/lib/python3.11/site-packages/elementary/monitor/dbt_project
2024-04-10 11:05:18 — DEBUG — Result bytes size for command '['dbt', '--log-format', 'json', 'run-operation', 'elementary.log_macro_results', '--args', '{"macro_name": "elementary_cli.get_test_results", "macro_args": {"days_back": 7, "invocations_per_test": 720, "disable_passed_test_metrics": false}}', '--project-dir', '/opt/hostedtoolcache/Python/3.11.9/x64/lib/python3.11/site-packages/elementary/monitor/dbt_project']' is 70246
2024-04-10 11:05:18 — INFO — Running dbt --log-format json run-operation elementary.log_macro_results --args {"macro_name": "elementary_cli.get_source_freshness_results", "macro_args": {"days_back": 7, "invocations_per_test": 720}} --project-dir /opt/hostedtoolcache/Python/3.11.9/x64/lib/python3.11/site-packages/elementary/monitor/dbt_project
2024-04-10 11:05:20 — DEBUG — Result bytes size for command '['dbt', '--log-format', 'json', 'run-operation', 'elementary.log_macro_results', '--args', '{"macro_name": "elementary_cli.get_source_freshness_results", "macro_args": {"days_back": 7, "invocations_per_test": 720}}', '--project-dir', '/opt/hostedtoolcache/Python/3.11.9/x64/lib/python3.11/site-packages/elementary/monitor/dbt_project']' is 1814
2024-04-10 11:05:20 — INFO — Running dbt --log-format json run-operation elementary.log_macro_results --args {"macro_name": "elementary_cli.get_models", "macro_args": {"exclude_elementary": true}} --project-dir /opt/hostedtoolcache/Python/3.11.9/x64/lib/python3.11/site-packages/elementary/monitor/dbt_project
2024-04-10 11:05:23 — DEBUG — Result bytes size for command '['dbt', '--log-format', 'json', 'run-operation', 'elementary.log_macro_results', '--args', '{"macro_name": "elementary_cli.get_models", "macro_args": {"exclude_elementary": true}}', '--project-dir', '/opt/hostedtoolcache/Python/3.11.9/x64/lib/python3.11/site-packages/elementary/monitor/dbt_project']' is 6206
2024-04-10 11:05:23 — INFO — Running dbt --log-format json run-operation elementary.log_macro_results --args {"macro_name": "elementary_cli.get_sources", "macro_args": {}} --project-dir /opt/hostedtoolcache/Python/3.11.9/x64/lib/python3.11/site-packages/elementary/monitor/dbt_project
2024-04-10 11:05:25 — DEBUG — Result bytes size for command '['dbt', '--log-format', 'json', 'run-operation', 'elementary.log_macro_results', '--args', '{"macro_name": "elementary_cli.get_sources", "macro_args": {}}', '--project-dir', '/opt/hostedtoolcache/Python/3.11.9/x64/lib/python3.11/site-packages/elementary/monitor/dbt_project']' is 1814
2024-04-10 11:05:25 — INFO — Running dbt --log-format json run-operation elementary.log_macro_results --args {"macro_name": "elementary_cli.get_exposures", "macro_args": {}} --project-dir /opt/hostedtoolcache/Python/3.11.9/x64/lib/python3.11/site-packages/elementary/monitor/dbt_project
2024-04-10 11:05:28 — DEBUG — Result bytes size for command '['dbt', '--log-format', 'json', 'run-operation', 'elementary.log_macro_results', '--args', '{"macro_name": "elementary_cli.get_exposures", "macro_args": {}}', '--project-dir', '/opt/hostedtoolcache/Python/3.11.9/x64/lib/python3.11/site-packages/elementary/monitor/dbt_project']' is 1814
2024-04-10 11:05:28 — INFO — Running dbt --log-format json run-operation elementary.log_macro_results --args {"macro_name": "elementary_cli.get_models_runs", "macro_args": {"days_back": 7, "exclude_elementary": true}} --project-dir /opt/hostedtoolcache/Python/3.11.9/x64/lib/python3.11/site-packages/elementary/monitor/dbt_project
2024-04-10 11:05:31 — DEBUG — Result bytes size for command '['dbt', '--log-format', 'json', 'run-operation', 'elementary.log_macro_results', '--args', '{"macro_name": "elementary_cli.get_models_runs", "macro_args": {"days_back": 7, "exclude_elementary": true}}', '--project-dir', '/opt/hostedtoolcache/Python/3.11.9/x64/lib/python3.11/site-packages/elementary/monitor/dbt_project']' is 12308
2024-04-10 11:05:31 — INFO — Running dbt --log-format json run-operation elementary.log_macro_results --args {"macro_name": "elementary_cli.get_dbt_models_test_coverage", "macro_args": {}} --project-dir /opt/hostedtoolcache/Python/3.11.9/x64/lib/python3.11/site-packages/elementary/monitor/dbt_project
2024-04-10 11:05:33 — DEBUG — Result bytes size for command '['dbt', '--log-format', 'json', 'run-operation', 'elementary.log_macro_results', '--args', '{"macro_name": "elementary_cli.get_dbt_models_test_coverage", "macro_args": {}}', '--project-dir', '/opt/hostedtoolcache/Python/3.11.9/x64/lib/python3.11/site-packages/elementary/monitor/dbt_project']' is 2792
2024-04-10 11:05:33 — INFO — Running dbt --log-format json run-operation elementary.log_macro_results --args {"macro_name": "elementary_cli.get_nodes_depends_on_nodes", "macro_args": {"exclude_elementary": true}} --project-dir /opt/hostedtoolcache/Python/3.11.9/x64/lib/python3.11/site-packages/elementary/monitor/dbt_project
2024-04-10 11:05:36 — DEBUG — Result bytes size for command '['dbt', '--log-format', 'json', 'run-operation', 'elementary.log_macro_results', '--args', '{"macro_name": "elementary_cli.get_nodes_depends_on_nodes", "macro_args": {"exclude_elementary": true}}', '--project-dir', '/opt/hostedtoolcache/Python/3.11.9/x64/lib/python3.11/site-packages/elementary/monitor/dbt_project']' is 3750
2024-04-10 11:05:36 — INFO — Running dbt --log-format json run-operation elementary.log_macro_results --args {"macro_name": "elementary_cli.get_models_latest_invocation", "macro_args": {}} --project-dir /opt/hostedtoolcache/Python/3.11.9/x64/lib/python3.11/site-packages/elementary/monitor/dbt_project
2024-04-10 11:05:39 — DEBUG — Result bytes size for command '['dbt', '--log-format', 'json', 'run-operation', 'elementary.log_macro_results', '--args', '{"macro_name": "elementary_cli.get_models_latest_invocation", "macro_args": {}}', '--project-dir', '/opt/hostedtoolcache/Python/3.11.9/x64/lib/python3.11/site-packages/elementary/monitor/dbt_project']' is 10030
2024-04-10 11:05:39 — INFO — Running dbt --log-format json run-operation elementary.log_macro_results --args {"macro_name": "elementary_cli.get_models_latest_invocations_data", "macro_args": {}} --project-dir /opt/hostedtoolcache/Python/3.11.9/x64/lib/python3.11/site-packages/elementary/monitor/dbt_project
2024-04-10 11:05:41 — DEBUG — Result bytes size for command '['dbt', '--log-format', 'json', 'run-operation', 'elementary.log_macro_results', '--args', '{"macro_name": "elementary_cli.get_models_latest_invocations_data", "macro_args": {}}', '--project-dir', '/opt/hostedtoolcache/Python/3.11.9/x64/lib/python3.11/site-packages/elementary/monitor/dbt_project']' is 2392
